# JRE version: OpenJDK Runtime Environment Temurin-17.0.17+10 (17.0.17+10) (build 17.0.17+10)
# Java VM: OpenJDK 64-Bit Server VM Temurin-17.0.17+10 (17.0.17+10, mixed mode, sharing, tiered, compressed oops, compressed class ptrs, g1 gc, bsd-aarch64)
GC Precious Log:
 CPUs: 28 total, 28 available
 Memory: 98304M
 Large Page Support: Disabled
 NUMA Support: Disabled
 Compressed Oops: Enabled (Zero based)
 Heap Region Size: 2M
 Heap Min Capacity: 8M
 Heap Initial Capacity: 1536M
 Heap Max Capacity: 4G
 Pre-touch: Disabled
 Parallel Workers: 20
 Concurrent Workers: 5
 Concurrent Refinement Workers: 20
 Periodic GC: Disabled
Heap:
 garbage-first heap   total 348160K, used 181662K [0x0000000700000000, 0x0000000800000000)
  region size 2048K, 15 young (30720K), 4 survivors (8192K)
 Metaspace       used 151503K, committed 152768K, reserved 1245184K
  class space    used 18223K, committed 18816K, reserved 1048576K
GC Heap History (20 events):
Event: 7.381 GC heap before
{Heap before GC invocations=27 (full 0):
 garbage-first heap   total 348160K, used 283997K [0x0000000700000000, 0x0000000800000000)
  region size 2048K, 66 young (135168K), 2 survivors (4096K)
 Metaspace       used 140795K, committed 141760K, reserved 1179648K
  class space    used 16877K, committed 17344K, reserved 1048576K
}
Event: 7.382 GC heap after
{Heap after GC invocations=28 (full 0):
 garbage-first heap   total 348160K, used 152280K [0x0000000700000000, 0x0000000800000000)
  region size 2048K, 3 young (6144K), 3 survivors (6144K)
 Metaspace       used 140795K, committed 141760K, reserved 1179648K
  class space    used 16877K, committed 17344K, reserved 1048576K
}
Event: 7.558 GC heap before
{Heap before GC invocations=28 (full 0):
 garbage-first heap   total 348160K, used 289496K [0x0000000700000000, 0x0000000800000000)
  region size 2048K, 68 young (139264K), 3 survivors (6144K)
 Metaspace       used 147451K, committed 148544K, reserved 1179648K
  class space    used 17566K, committed 18048K, reserved 1048576K
}
Event: 7.559 GC heap after
{Heap after GC invocations=29 (full 0):
 garbage-first heap   total 348160K, used 154116K [0x0000000700000000, 0x0000000800000000)
  region size 2048K, 4 young (8192K), 4 survivors (8192K)
 Metaspace       used 147451K, committed 148544K, reserved 1179648K
  class space    used 17566K, committed 18048K, reserved 1048576K
}
Event: 7.889 GC heap before
{Heap before GC invocations=29 (full 0):
 garbage-first heap   total 348160K, used 289284K [0x0000000700000000, 0x0000000800000000)
  region size 2048K, 70 young (143360K), 4 survivors (8192K)
 Metaspace       used 148885K, committed 150016K, reserved 1245184K
  class space    used 17782K, committed 18304K, reserved 1048576K
}
Event: 7.891 GC heap after
{Heap after GC invocations=30 (full 0):
 garbage-first heap   total 348160K, used 154509K [0x0000000700000000, 0x0000000800000000)
  region size 2048K, 4 young (8192K), 4 survivors (8192K)
 Metaspace       used 148885K, committed 150016K, reserved 1245184K
  class space    used 17782K, committed 18304K, reserved 1048576K
}
Event: 8.181 GC heap before
{Heap before GC invocations=30 (full 0):
 garbage-first heap   total 348160K, used 291725K [0x0000000700000000, 0x0000000800000000)
  region size 2048K, 71 young (145408K), 4 survivors (8192K)
 Metaspace       used 148885K, committed 150016K, reserved 1245184K
  class space    used 17782K, committed 18304K, reserved 1048576K
}
Event: 8.183 GC heap after
{Heap after GC invocations=31 (full 0):
 garbage-first heap   total 348160K, used 154662K [0x0000000700000000, 0x0000000800000000)
  region size 2048K, 4 young (8192K), 4 survivors (8192K)
 Metaspace       used 148885K, committed 150016K, reserved 1245184K
  class space    used 17782K, committed 18304K, reserved 1048576K
}
Event: 8.466 GC heap before
{Heap before GC invocations=31 (full 0):
 garbage-first heap   total 348160K, used 295974K [0x0000000700000000, 0x0000000800000000)
  region size 2048K, 73 young (149504K), 4 survivors (8192K)
 Metaspace       used 148885K, committed 150016K, reserved 1245184K
  class space    used 17782K, committed 18304K, reserved 1048576K
}
Event: 8.467 GC heap after
{Heap after GC invocations=32 (full 0):
 garbage-first heap   total 348160K, used 154558K [0x0000000700000000, 0x0000000800000000)
  region size 2048K, 4 young (8192K), 4 survivors (8192K)
 Metaspace       used 148885K, committed 150016K, reserved 1245184K
  class space    used 17782K, committed 18304K, reserved 1048576K
}
Event: 8.753 GC heap before
{Heap before GC invocations=32 (full 0):
 garbage-first heap   total 348160K, used 297918K [0x0000000700000000, 0x0000000800000000)
  region size 2048K, 74 young (151552K), 4 survivors (8192K)
 Metaspace       used 148885K, committed 150016K, reserved 1245184K
  class space    used 17782K, committed 18304K, reserved 1048576K
}
Event: 8.754 GC heap after
{Heap after GC invocations=33 (full 0):
 garbage-first heap   total 348160K, used 154400K [0x0000000700000000, 0x0000000800000000)
  region size 2048K, 4 young (8192K), 4 survivors (8192K)
 Metaspace       used 148885K, committed 150016K, reserved 1245184K
  class space    used 17782K, committed 18304K, reserved 1048576K
}
Event: 9.049 GC heap before
{Heap before GC invocations=33 (full 0):
 garbage-first heap   total 348160K, used 299808K [0x0000000700000000, 0x0000000800000000)
  region size 2048K, 75 young (153600K), 4 survivors (8192K)
 Metaspace       used 148885K, committed 150016K, reserved 1245184K
  class space    used 17782K, committed 18304K, reserved 1048576K
}
Event: 9.050 GC heap after
{Heap after GC invocations=34 (full 0):
 garbage-first heap   total 348160K, used 154646K [0x0000000700000000, 0x0000000800000000)
  region size 2048K, 4 young (8192K), 4 survivors (8192K)
 Metaspace       used 148885K, committed 150016K, reserved 1245184K
  class space    used 17782K, committed 18304K, reserved 1048576K
}
Event: 20.862 GC heap before
{Heap before GC invocations=34 (full 0):
 garbage-first heap   total 348160K, used 302102K [0x0000000700000000, 0x0000000800000000)
  region size 2048K, 75 young (153600K), 4 survivors (8192K)
 Metaspace       used 149316K, committed 150400K, reserved 1245184K
  class space    used 17855K, committed 18368K, reserved 1048576K
}
Event: 20.864 GC heap after
{Heap after GC invocations=35 (full 0):
 garbage-first heap   total 348160K, used 154622K [0x0000000700000000, 0x0000000800000000)
  region size 2048K, 4 young (8192K), 4 survivors (8192K)
 Metaspace       used 149316K, committed 150400K, reserved 1245184K
  class space    used 17855K, committed 18368K, reserved 1048576K
}
Event: 20.887 GC heap before
{Heap before GC invocations=35 (full 0):
 garbage-first heap   total 348160K, used 160766K [0x0000000700000000, 0x0000000800000000)
  region size 2048K, 6 young (12288K), 4 survivors (8192K)
 Metaspace       used 149347K, committed 150464K, reserved 1245184K
  class space    used 17855K, committed 18368K, reserved 1048576K
}
Event: 20.889 GC heap after
{Heap after GC invocations=36 (full 0):
 garbage-first heap   total 348160K, used 154628K [0x0000000700000000, 0x0000000800000000)
  region size 2048K, 4 young (8192K), 4 survivors (8192K)
 Metaspace       used 149347K, committed 150464K, reserved 1245184K
  class space    used 17855K, committed 18368K, reserved 1048576K
}
Event: 20.938 GC heap before
{Heap before GC invocations=36 (full 0):
 garbage-first heap   total 348160K, used 168964K [0x0000000700000000, 0x0000000800000000)
  region size 2048K, 11 young (22528K), 4 survivors (8192K)
 Metaspace       used 150217K, committed 151360K, reserved 1245184K
  class space    used 17979K, committed 18496K, reserved 1048576K
}
Event: 20.940 GC heap after
{Heap after GC invocations=37 (full 0):
 garbage-first heap   total 348160K, used 155038K [0x0000000700000000, 0x0000000800000000)
  region size 2048K, 4 young (8192K), 4 survivors (8192K)
 Metaspace       used 150217K, committed 151360K, reserved 1245184K
  class space    used 17979K, committed 18496K, reserved 1048576K
}

