# JRE version: OpenJDK Runtime Environment Temurin-17.0.17+10 (17.0.17+10) (build 17.0.17+10)
# Java VM: OpenJDK 64-Bit Server VM Temurin-17.0.17+10 (17.0.17+10, mixed mode, sharing, tiered, compressed oops, compressed class ptrs, g1 gc, bsd-aarch64)
GC Precious Log:
 CPUs: 28 total, 28 available
 Memory: 98304M
 Large Page Support: Disabled
 NUMA Support: Disabled
 Compressed Oops: Enabled (Zero based)
 Heap Region Size: 2M
 Heap Min Capacity: 8M
 Heap Initial Capacity: 1536M
 Heap Max Capacity: 4G
 Pre-touch: Disabled
 Parallel Workers: 20
 Concurrent Workers: 5
 Concurrent Refinement Workers: 20
 Periodic GC: Disabled
Heap:
 garbage-first heap   total 342016K, used 246166K [0x0000000300800000, 0x0000000400800000)
  region size 2048K, 51 young (104448K), 5 survivors (10240K)
 Metaspace       used 151361K, committed 152640K, reserved 1245184K
  class space    used 18196K, committed 18752K, reserved 1048576K
GC Heap History (20 events):
Event: 6.523 GC heap before
{Heap before GC invocations=25 (full 0):
 garbage-first heap   total 342016K, used 283317K [0x0000000300800000, 0x0000000400800000)
  region size 2048K, 85 young (174080K), 13 survivors (26624K)
 Metaspace       used 123782K, committed 124608K, reserved 1179648K
  class space    used 14869K, committed 15296K, reserved 1048576K
}
Event: 6.526 GC heap after
{Heap after GC invocations=26 (full 0):
 garbage-first heap   total 342016K, used 148707K [0x0000000300800000, 0x0000000400800000)
  region size 2048K, 6 young (12288K), 6 survivors (12288K)
 Metaspace       used 123782K, committed 124608K, reserved 1179648K
  class space    used 14869K, committed 15296K, reserved 1048576K
}
Event: 6.818 GC heap before
{Heap before GC invocations=26 (full 0):
 garbage-first heap   total 342016K, used 277731K [0x0000000300800000, 0x0000000400800000)
  region size 2048K, 69 young (141312K), 6 survivors (12288K)
 Metaspace       used 127657K, committed 128512K, reserved 1179648K
  class space    used 15121K, committed 15488K, reserved 1048576K
}
Event: 6.819 GC heap after
{Heap after GC invocations=27 (full 0):
 garbage-first heap   total 342016K, used 147405K [0x0000000300800000, 0x0000000400800000)
  region size 2048K, 5 young (10240K), 5 survivors (10240K)
 Metaspace       used 127657K, committed 128512K, reserved 1179648K
  class space    used 15121K, committed 15488K, reserved 1048576K
}
Event: 7.010 GC heap before
{Heap before GC invocations=27 (full 0):
 garbage-first heap   total 342016K, used 290765K [0x0000000300800000, 0x0000000400800000)
  region size 2048K, 70 young (143360K), 5 survivors (10240K)
 Metaspace       used 133183K, committed 134080K, reserved 1179648K
  class space    used 15911K, committed 16320K, reserved 1048576K
}
Event: 7.011 GC heap after
{Heap after GC invocations=28 (full 0):
 garbage-first heap   total 342016K, used 133772K [0x0000000300800000, 0x0000000400800000)
  region size 2048K, 3 young (6144K), 3 survivors (6144K)
 Metaspace       used 133183K, committed 134080K, reserved 1179648K
  class space    used 15911K, committed 16320K, reserved 1048576K
}
Event: 7.271 GC heap before
{Heap before GC invocations=28 (full 0):
 garbage-first heap   total 342016K, used 291468K [0x0000000300800000, 0x0000000400800000)
  region size 2048K, 76 young (155648K), 3 survivors (6144K)
 Metaspace       used 140639K, committed 141632K, reserved 1179648K
  class space    used 16853K, committed 17280K, reserved 1048576K
}
Event: 7.273 GC heap after
{Heap after GC invocations=29 (full 0):
 garbage-first heap   total 342016K, used 135270K [0x0000000300800000, 0x0000000400800000)
  region size 2048K, 4 young (8192K), 4 survivors (8192K)
 Metaspace       used 140639K, committed 141632K, reserved 1179648K
  class space    used 16853K, committed 17280K, reserved 1048576K
}
Event: 7.490 GC heap before
{Heap before GC invocations=29 (full 0):
 garbage-first heap   total 342016K, used 288870K [0x0000000300800000, 0x0000000400800000)
  region size 2048K, 77 young (157696K), 4 survivors (8192K)
 Metaspace       used 148294K, committed 149376K, reserved 1245184K
  class space    used 17691K, committed 18176K, reserved 1048576K
}
Event: 7.492 GC heap after
{Heap after GC invocations=30 (full 0):
 garbage-first heap   total 342016K, used 137462K [0x0000000300800000, 0x0000000400800000)
  region size 2048K, 5 young (10240K), 5 survivors (10240K)
 Metaspace       used 148294K, committed 149376K, reserved 1245184K
  class space    used 17691K, committed 18176K, reserved 1048576K
}
Event: 7.850 GC heap before
{Heap before GC invocations=30 (full 0):
 garbage-first heap   total 342016K, used 286966K [0x0000000300800000, 0x0000000400800000)
  region size 2048K, 78 young (159744K), 5 survivors (10240K)
 Metaspace       used 148795K, committed 149888K, reserved 1245184K
  class space    used 17760K, committed 18240K, reserved 1048576K
}
Event: 7.853 GC heap after
{Heap after GC invocations=31 (full 0):
 garbage-first heap   total 342016K, used 137868K [0x0000000300800000, 0x0000000400800000)
  region size 2048K, 5 young (10240K), 5 survivors (10240K)
 Metaspace       used 148795K, committed 149888K, reserved 1245184K
  class space    used 17760K, committed 18240K, reserved 1048576K
}
Event: 8.168 GC heap before
{Heap before GC invocations=31 (full 0):
 garbage-first heap   total 342016K, used 291468K [0x0000000300800000, 0x0000000400800000)
  region size 2048K, 80 young (163840K), 5 survivors (10240K)
 Metaspace       used 148795K, committed 149888K, reserved 1245184K
  class space    used 17760K, committed 18240K, reserved 1048576K
}
Event: 8.170 GC heap after
{Heap after GC invocations=32 (full 0):
 garbage-first heap   total 342016K, used 137599K [0x0000000300800000, 0x0000000400800000)
  region size 2048K, 5 young (10240K), 5 survivors (10240K)
 Metaspace       used 148795K, committed 149888K, reserved 1245184K
  class space    used 17760K, committed 18240K, reserved 1048576K
}
Event: 8.482 GC heap before
{Heap before GC invocations=32 (full 0):
 garbage-first heap   total 342016K, used 293247K [0x0000000300800000, 0x0000000400800000)
  region size 2048K, 81 young (165888K), 5 survivors (10240K)
 Metaspace       used 148795K, committed 149888K, reserved 1245184K
  class space    used 17760K, committed 18240K, reserved 1048576K
}
Event: 8.484 GC heap after
{Heap after GC invocations=33 (full 0):
 garbage-first heap   total 342016K, used 137844K [0x0000000300800000, 0x0000000400800000)
  region size 2048K, 5 young (10240K), 5 survivors (10240K)
 Metaspace       used 148795K, committed 149888K, reserved 1245184K
  class space    used 17760K, committed 18240K, reserved 1048576K
}
Event: 8.800 GC heap before
{Heap before GC invocations=33 (full 0):
 garbage-first heap   total 342016K, used 293492K [0x0000000300800000, 0x0000000400800000)
  region size 2048K, 81 young (165888K), 5 survivors (10240K)
 Metaspace       used 148795K, committed 149888K, reserved 1245184K
  class space    used 17760K, committed 18240K, reserved 1048576K
}
Event: 8.802 GC heap after
{Heap after GC invocations=34 (full 0):
 garbage-first heap   total 342016K, used 137466K [0x0000000300800000, 0x0000000400800000)
  region size 2048K, 5 young (10240K), 5 survivors (10240K)
 Metaspace       used 148795K, committed 149888K, reserved 1245184K
  class space    used 17760K, committed 18240K, reserved 1048576K
}
Event: 9.102 GC heap before
{Heap before GC invocations=34 (full 0):
 garbage-first heap   total 342016K, used 293114K [0x0000000300800000, 0x0000000400800000)
  region size 2048K, 81 young (165888K), 5 survivors (10240K)
 Metaspace       used 148795K, committed 149888K, reserved 1245184K
  class space    used 17760K, committed 18240K, reserved 1048576K
}
Event: 9.104 GC heap after
{Heap after GC invocations=35 (full 0):
 garbage-first heap   total 342016K, used 137622K [0x0000000300800000, 0x0000000400800000)
  region size 2048K, 5 young (10240K), 5 survivors (10240K)
 Metaspace       used 148795K, committed 149888K, reserved 1245184K
  class space    used 17760K, committed 18240K, reserved 1048576K
}

