# JRE version: OpenJDK Runtime Environment Temurin-17.0.17+10 (17.0.17+10) (build 17.0.17+10)
# Java VM: OpenJDK 64-Bit Server VM Temurin-17.0.17+10 (17.0.17+10, mixed mode, sharing, tiered, compressed oops, compressed class ptrs, g1 gc, bsd-aarch64)
GC Precious Log:
 CPUs: 28 total, 28 available
 Memory: 98304M
 Large Page Support: Disabled
 NUMA Support: Disabled
 Compressed Oops: Enabled (Zero based)
 Heap Region Size: 2M
 Heap Min Capacity: 8M
 Heap Initial Capacity: 1536M
 Heap Max Capacity: 4G
 Pre-touch: Disabled
 Parallel Workers: 20
 Concurrent Workers: 5
 Concurrent Refinement Workers: 20
 Periodic GC: Disabled
Heap:
 garbage-first heap   total 348160K, used 181790K [0x0000000300800000, 0x0000000400800000)
  region size 2048K, 15 young (30720K), 4 survivors (8192K)
 Metaspace       used 151515K, committed 152832K, reserved 1245184K
  class space    used 18221K, committed 18816K, reserved 1048576K
GC Heap History (20 events):
Event: 7.549 GC heap before
{Heap before GC invocations=28 (full 0):
 garbage-first heap   total 348160K, used 284481K [0x0000000300800000, 0x0000000400800000)
  region size 2048K, 66 young (135168K), 2 survivors (4096K)
 Metaspace       used 140778K, committed 141760K, reserved 1179648K
  class space    used 16878K, committed 17344K, reserved 1048576K
}
Event: 7.551 GC heap after
{Heap after GC invocations=29 (full 0):
 garbage-first heap   total 348160K, used 152858K [0x0000000300800000, 0x0000000400800000)
  region size 2048K, 3 young (6144K), 3 survivors (6144K)
 Metaspace       used 140778K, committed 141760K, reserved 1179648K
  class space    used 16878K, committed 17344K, reserved 1048576K
}
Event: 7.727 GC heap before
{Heap before GC invocations=29 (full 0):
 garbage-first heap   total 348160K, used 290074K [0x0000000300800000, 0x0000000400800000)
  region size 2048K, 68 young (139264K), 3 survivors (6144K)
 Metaspace       used 147454K, committed 148544K, reserved 1179648K
  class space    used 17571K, committed 18048K, reserved 1048576K
}
Event: 7.728 GC heap after
{Heap after GC invocations=30 (full 0):
 garbage-first heap   total 348160K, used 154595K [0x0000000300800000, 0x0000000400800000)
  region size 2048K, 4 young (8192K), 4 survivors (8192K)
 Metaspace       used 147454K, committed 148544K, reserved 1179648K
  class space    used 17571K, committed 18048K, reserved 1048576K
}
Event: 8.064 GC heap before
{Heap before GC invocations=30 (full 0):
 garbage-first heap   total 348160K, used 289763K [0x0000000300800000, 0x0000000400800000)
  region size 2048K, 70 young (143360K), 4 survivors (8192K)
 Metaspace       used 148866K, committed 150016K, reserved 1245184K
  class space    used 17780K, committed 18304K, reserved 1048576K
}
Event: 8.066 GC heap after
{Heap after GC invocations=31 (full 0):
 garbage-first heap   total 348160K, used 154934K [0x0000000300800000, 0x0000000400800000)
  region size 2048K, 4 young (8192K), 4 survivors (8192K)
 Metaspace       used 148866K, committed 150016K, reserved 1245184K
  class space    used 17780K, committed 18304K, reserved 1048576K
}
Event: 8.335 GC heap before
{Heap before GC invocations=31 (full 0):
 garbage-first heap   total 348160K, used 292150K [0x0000000300800000, 0x0000000400800000)
  region size 2048K, 71 young (145408K), 4 survivors (8192K)
 Metaspace       used 148866K, committed 150016K, reserved 1245184K
  class space    used 17780K, committed 18304K, reserved 1048576K
}
Event: 8.337 GC heap after
{Heap after GC invocations=32 (full 0):
 garbage-first heap   total 348160K, used 155446K [0x0000000300800000, 0x0000000400800000)
  region size 2048K, 4 young (8192K), 4 survivors (8192K)
 Metaspace       used 148866K, committed 150016K, reserved 1245184K
  class space    used 17780K, committed 18304K, reserved 1048576K
}
Event: 8.625 GC heap before
{Heap before GC invocations=32 (full 0):
 garbage-first heap   total 348160K, used 296758K [0x0000000300800000, 0x0000000400800000)
  region size 2048K, 73 young (149504K), 4 survivors (8192K)
 Metaspace       used 148866K, committed 150016K, reserved 1245184K
  class space    used 17780K, committed 18304K, reserved 1048576K
}
Event: 8.626 GC heap after
{Heap after GC invocations=33 (full 0):
 garbage-first heap   total 348160K, used 155007K [0x0000000300800000, 0x0000000400800000)
  region size 2048K, 4 young (8192K), 4 survivors (8192K)
 Metaspace       used 148866K, committed 150016K, reserved 1245184K
  class space    used 17780K, committed 18304K, reserved 1048576K
}
Event: 8.917 GC heap before
{Heap before GC invocations=33 (full 0):
 garbage-first heap   total 348160K, used 298367K [0x0000000300800000, 0x0000000400800000)
  region size 2048K, 74 young (151552K), 4 survivors (8192K)
 Metaspace       used 148866K, committed 150016K, reserved 1245184K
  class space    used 17780K, committed 18304K, reserved 1048576K
}
Event: 8.918 GC heap after
{Heap after GC invocations=34 (full 0):
 garbage-first heap   total 348160K, used 155261K [0x0000000300800000, 0x0000000400800000)
  region size 2048K, 4 young (8192K), 4 survivors (8192K)
 Metaspace       used 148866K, committed 150016K, reserved 1245184K
  class space    used 17780K, committed 18304K, reserved 1048576K
}
Event: 9.204 GC heap before
{Heap before GC invocations=34 (full 0):
 garbage-first heap   total 348160K, used 300669K [0x0000000300800000, 0x0000000400800000)
  region size 2048K, 75 young (153600K), 4 survivors (8192K)
 Metaspace       used 148866K, committed 150016K, reserved 1245184K
  class space    used 17780K, committed 18304K, reserved 1048576K
}
Event: 9.206 GC heap after
{Heap after GC invocations=35 (full 0):
 garbage-first heap   total 348160K, used 155102K [0x0000000300800000, 0x0000000400800000)
  region size 2048K, 4 young (8192K), 4 survivors (8192K)
 Metaspace       used 148866K, committed 150016K, reserved 1245184K
  class space    used 17780K, committed 18304K, reserved 1048576K
}
Event: 21.867 GC heap before
{Heap before GC invocations=35 (full 0):
 garbage-first heap   total 348160K, used 298462K [0x0000000300800000, 0x0000000400800000)
  region size 2048K, 73 young (149504K), 4 survivors (8192K)
 Metaspace       used 149284K, committed 150400K, reserved 1245184K
  class space    used 17854K, committed 18368K, reserved 1048576K
}
Event: 21.869 GC heap after
{Heap after GC invocations=36 (full 0):
 garbage-first heap   total 348160K, used 155067K [0x0000000300800000, 0x0000000400800000)
  region size 2048K, 4 young (8192K), 4 survivors (8192K)
 Metaspace       used 149284K, committed 150400K, reserved 1245184K
  class space    used 17854K, committed 18368K, reserved 1048576K
}
Event: 21.905 GC heap before
{Heap before GC invocations=36 (full 0):
 garbage-first heap   total 348160K, used 161211K [0x0000000300800000, 0x0000000400800000)
  region size 2048K, 6 young (12288K), 4 survivors (8192K)
 Metaspace       used 149340K, committed 150464K, reserved 1245184K
  class space    used 17854K, committed 18368K, reserved 1048576K
}
Event: 21.907 GC heap after
{Heap after GC invocations=37 (full 0):
 garbage-first heap   total 348160K, used 155089K [0x0000000300800000, 0x0000000400800000)
  region size 2048K, 4 young (8192K), 4 survivors (8192K)
 Metaspace       used 149340K, committed 150464K, reserved 1245184K
  class space    used 17854K, committed 18368K, reserved 1048576K
}
Event: 21.957 GC heap before
{Heap before GC invocations=37 (full 0):
 garbage-first heap   total 348160K, used 171473K [0x0000000300800000, 0x0000000400800000)
  region size 2048K, 12 young (24576K), 4 survivors (8192K)
 Metaspace       used 150237K, committed 151424K, reserved 1245184K
  class space    used 17984K, committed 18496K, reserved 1048576K
}
Event: 21.959 GC heap after
{Heap after GC invocations=38 (full 0):
 garbage-first heap   total 348160K, used 155166K [0x0000000300800000, 0x0000000400800000)
  region size 2048K, 4 young (8192K), 4 survivors (8192K)
 Metaspace       used 150237K, committed 151424K, reserved 1245184K
  class space    used 17984K, committed 18496K, reserved 1048576K
}

