# JRE version: OpenJDK Runtime Environment Temurin-17.0.17+10 (17.0.17+10) (build 17.0.17+10)
# Java VM: OpenJDK 64-Bit Server VM Temurin-17.0.17+10 (17.0.17+10, mixed mode, sharing, tiered, compressed oops, compressed class ptrs, g1 gc, bsd-aarch64)
GC Precious Log:
 CPUs: 28 total, 28 available
 Memory: 98304M
 Large Page Support: Disabled
 NUMA Support: Disabled
 Compressed Oops: Enabled (Zero based)
 Heap Region Size: 2M
 Heap Min Capacity: 8M
 Heap Initial Capacity: 1536M
 Heap Max Capacity: 4G
 Pre-touch: Disabled
 Parallel Workers: 20
 Concurrent Workers: 5
 Concurrent Refinement Workers: 20
 Periodic GC: Disabled
Heap:
 garbage-first heap   total 342016K, used 264885K [0x00000004d5000000, 0x00000005d5000000)
  region size 2048K, 59 young (120832K), 4 survivors (8192K)
 Metaspace       used 151478K, committed 152768K, reserved 1245184K
  class space    used 18229K, committed 18816K, reserved 1048576K
GC Heap History (20 events):
Event: 6.529 GC heap before
{Heap before GC invocations=25 (full 0):
 garbage-first heap   total 342016K, used 286067K [0x00000004d5000000, 0x00000005d5000000)
  region size 2048K, 87 young (178176K), 13 survivors (26624K)
 Metaspace       used 123550K, committed 124416K, reserved 1179648K
  class space    used 14868K, committed 15296K, reserved 1048576K
}
Event: 6.532 GC heap after
{Heap after GC invocations=26 (full 0):
 garbage-first heap   total 342016K, used 147927K [0x00000004d5000000, 0x00000005d5000000)
  region size 2048K, 6 young (12288K), 6 survivors (12288K)
 Metaspace       used 123550K, committed 124416K, reserved 1179648K
  class space    used 14868K, committed 15296K, reserved 1048576K
}
Event: 6.821 GC heap before
{Heap before GC invocations=26 (full 0):
 garbage-first heap   total 342016K, used 276951K [0x00000004d5000000, 0x00000005d5000000)
  region size 2048K, 70 young (143360K), 6 survivors (12288K)
 Metaspace       used 127470K, committed 128384K, reserved 1179648K
  class space    used 15125K, committed 15552K, reserved 1048576K
}
Event: 6.823 GC heap after
{Heap after GC invocations=27 (full 0):
 garbage-first heap   total 342016K, used 147833K [0x00000004d5000000, 0x00000005d5000000)
  region size 2048K, 6 young (12288K), 6 survivors (12288K)
 Metaspace       used 127470K, committed 128384K, reserved 1179648K
  class space    used 15125K, committed 15552K, reserved 1048576K
}
Event: 6.992 GC heap before
{Heap before GC invocations=27 (full 0):
 garbage-first heap   total 342016K, used 291193K [0x00000004d5000000, 0x00000005d5000000)
  region size 2048K, 71 young (145408K), 6 survivors (12288K)
 Metaspace       used 133222K, committed 134144K, reserved 1179648K
  class space    used 15928K, committed 16384K, reserved 1048576K
}
Event: 6.993 GC heap after
{Heap after GC invocations=28 (full 0):
 garbage-first heap   total 342016K, used 134137K [0x00000004d5000000, 0x00000005d5000000)
  region size 2048K, 2 young (4096K), 2 survivors (4096K)
 Metaspace       used 133222K, committed 134144K, reserved 1179648K
  class space    used 15928K, committed 16384K, reserved 1048576K
}
Event: 7.258 GC heap before
{Heap before GC invocations=28 (full 0):
 garbage-first heap   total 342016K, used 289785K [0x00000004d5000000, 0x00000005d5000000)
  region size 2048K, 74 young (151552K), 2 survivors (4096K)
 Metaspace       used 139905K, committed 140864K, reserved 1179648K
  class space    used 16753K, committed 17216K, reserved 1048576K
}
Event: 7.259 GC heap after
{Heap after GC invocations=29 (full 0):
 garbage-first heap   total 342016K, used 135614K [0x00000004d5000000, 0x00000005d5000000)
  region size 2048K, 3 young (6144K), 3 survivors (6144K)
 Metaspace       used 139905K, committed 140864K, reserved 1179648K
  class space    used 16753K, committed 17216K, reserved 1048576K
}
Event: 7.470 GC heap before
{Heap before GC invocations=29 (full 0):
 garbage-first heap   total 342016K, used 289214K [0x00000004d5000000, 0x00000005d5000000)
  region size 2048K, 76 young (155648K), 3 survivors (6144K)
 Metaspace       used 147625K, committed 148736K, reserved 1179648K
  class space    used 17607K, committed 18112K, reserved 1048576K
}
Event: 7.472 GC heap after
{Heap after GC invocations=30 (full 0):
 garbage-first heap   total 342016K, used 137564K [0x00000004d5000000, 0x00000005d5000000)
  region size 2048K, 4 young (8192K), 4 survivors (8192K)
 Metaspace       used 147625K, committed 148736K, reserved 1179648K
  class space    used 17607K, committed 18112K, reserved 1048576K
}
Event: 7.851 GC heap before
{Heap before GC invocations=30 (full 0):
 garbage-first heap   total 342016K, used 285020K [0x00000004d5000000, 0x00000005d5000000)
  region size 2048K, 76 young (155648K), 4 survivors (8192K)
 Metaspace       used 148901K, committed 150016K, reserved 1245184K
  class space    used 17797K, committed 18304K, reserved 1048576K
}
Event: 7.853 GC heap after
{Heap after GC invocations=31 (full 0):
 garbage-first heap   total 342016K, used 137850K [0x00000004d5000000, 0x00000005d5000000)
  region size 2048K, 4 young (8192K), 4 survivors (8192K)
 Metaspace       used 148901K, committed 150016K, reserved 1245184K
  class space    used 17797K, committed 18304K, reserved 1048576K
}
Event: 8.168 GC heap before
{Heap before GC invocations=31 (full 0):
 garbage-first heap   total 342016K, used 289402K [0x00000004d5000000, 0x00000005d5000000)
  region size 2048K, 78 young (159744K), 4 survivors (8192K)
 Metaspace       used 148901K, committed 150016K, reserved 1245184K
  class space    used 17797K, committed 18304K, reserved 1048576K
}
Event: 8.170 GC heap after
{Heap after GC invocations=32 (full 0):
 garbage-first heap   total 342016K, used 137747K [0x00000004d5000000, 0x00000005d5000000)
  region size 2048K, 4 young (8192K), 4 survivors (8192K)
 Metaspace       used 148901K, committed 150016K, reserved 1245184K
  class space    used 17797K, committed 18304K, reserved 1048576K
}
Event: 8.497 GC heap before
{Heap before GC invocations=32 (full 0):
 garbage-first heap   total 342016K, used 291347K [0x00000004d5000000, 0x00000005d5000000)
  region size 2048K, 79 young (161792K), 4 survivors (8192K)
 Metaspace       used 148901K, committed 150016K, reserved 1245184K
  class space    used 17797K, committed 18304K, reserved 1048576K
}
Event: 8.498 GC heap after
{Heap after GC invocations=33 (full 0):
 garbage-first heap   total 342016K, used 137753K [0x00000004d5000000, 0x00000005d5000000)
  region size 2048K, 4 young (8192K), 4 survivors (8192K)
 Metaspace       used 148901K, committed 150016K, reserved 1245184K
  class space    used 17797K, committed 18304K, reserved 1048576K
}
Event: 8.814 GC heap before
{Heap before GC invocations=33 (full 0):
 garbage-first heap   total 342016K, used 293401K [0x00000004d5000000, 0x00000005d5000000)
  region size 2048K, 80 young (163840K), 4 survivors (8192K)
 Metaspace       used 148901K, committed 150016K, reserved 1245184K
  class space    used 17797K, committed 18304K, reserved 1048576K
}
Event: 8.815 GC heap after
{Heap after GC invocations=34 (full 0):
 garbage-first heap   total 342016K, used 137757K [0x00000004d5000000, 0x00000005d5000000)
  region size 2048K, 4 young (8192K), 4 survivors (8192K)
 Metaspace       used 148901K, committed 150016K, reserved 1245184K
  class space    used 17797K, committed 18304K, reserved 1048576K
}
Event: 9.136 GC heap before
{Heap before GC invocations=34 (full 0):
 garbage-first heap   total 342016K, used 293405K [0x00000004d5000000, 0x00000005d5000000)
  region size 2048K, 80 young (163840K), 4 survivors (8192K)
 Metaspace       used 148901K, committed 150016K, reserved 1245184K
  class space    used 17797K, committed 18304K, reserved 1048576K
}
Event: 9.138 GC heap after
{Heap after GC invocations=35 (full 0):
 garbage-first heap   total 342016K, used 137909K [0x00000004d5000000, 0x00000005d5000000)
  region size 2048K, 4 young (8192K), 4 survivors (8192K)
 Metaspace       used 148901K, committed 150016K, reserved 1245184K
  class space    used 17797K, committed 18304K, reserved 1048576K
}

